=== FAILED: ../testes/meta4/randomTest.java ===
1,5d0
< true
< 4.2000000000000000e+02
< false
< false
< -7
--- LLVM IR ---
@.fmt.d = private constant [3 x i8] c"%d\00"
@.fmt.e = private constant [6 x i8] c"%.16e\00"
@.fmt.s = private constant [3 x i8] c"%s\00"
@.str.true = private constant [5 x i8] c"true\00"
@.str.false = private constant [6 x i8] c"false\00"

@.str.0 = private constant [2 x i8] c"\0A\00"

@b = global i1 0

declare i32 @printf(i8*, ...)
declare i32 @atoi(i8*)

define i32 @main(i32 %argc, i8** %argv) {
entry:
  %args.argc = alloca i32
  %args.argv = alloca i8**
  store i32 %argc, i32* %args.argc
  store i8** %argv, i8*** %args.argv
  %t0 = add i1 0, 1
  %t1 = xor i1 %t0, 1
  store i1 %t1, i1* @b
  %t2 = load i1, i1* @b
  %t3 = xor i1 %t2, 1
  %t4 = xor i1 %t3, 1
  %t5 = xor i1 %t4, 1
  %t6 = xor i1 %t5, 1
  %t7 = xor i1 %t6, 1
  %t8 = xor i1 %t7, 1
  %t9 = xor i1 %t8, 1
  br i1 %t9, label %L0, label %L1
L0:
  %t10 = getelementptr [5 x i8], [5 x i8]* @.str.true, i32 0, i32 0
  %t11 = getelementptr [3 x i8], [3 x i8]* @.fmt.s, i32 0, i32 0
  %t12 = call i32 (i8*, ...) @printf(i8* %t11, i8* %t10)
  br label %L2
L1:
  %t13 = getelementptr [6 x i8], [6 x i8]* @.str.false, i32 0, i32 0
  %t14 = getelementptr [3 x i8], [3 x i8]* @.fmt.s, i32 0, i32 0
  %t15 = call i32 (i8*, ...) @printf(i8* %t14, i8* %t13)
  br label %L2
L2:
  %t16 = getelementptr [2 x i8], [2 x i8]* @.str.0, i32 0, i32 0
  %t17 = getelementptr [3 x i8], [3 x i8]* @.fmt.s, i32 0, i32 0
  %t18 = call i32 (i8*, ...) @printf(i8* %t17, i8* %t16)
  %t19 = fadd double 0.0, 4.20000000000000000e+02
  %t20 = fsub double -0.0, %t19
  %t21 = fsub double -0.0, %t20
  %t22 = getelementptr [6 x i8], [6 x i8]* @.fmt.e, i32 0, i32 0
  %t23 = call i32 (i8*, ...) @printf(i8* %t22, double %t21)
  %t24 = getelementptr [2 x i8], [2 x i8]* @.str.0, i32 0, i32 0
  %t25 = getelementptr [3 x i8], [3 x i8]* @.fmt.s, i32 0, i32 0
  %t26 = call i32 (i8*, ...) @printf(i8* %t25, i8* %t24)
  %t27 = add i32 0, 420
  %t28 = sub i32 0, %t27
  %t29 = sub i32 0, %t28
  %t30 = sub i32 0, %t29
  %t31 = sub i32 0, %t30
  %t32 = sub i32 0, %t31
  %t33 = add i32 0, 421
  %t34 = sub i32 0, %t33
  %t35 = icmp sgt i32 %t32, %t34
  %t36 = xor i1 %t35, 1
  br i1 %t36, label %L3, label %L4
L3:
  %t37 = getelementptr [5 x i8], [5 x i8]* @.str.true, i32 0, i32 0
  %t38 = getelementptr [3 x i8], [3 x i8]* @.fmt.s, i32 0, i32 0
  %t39 = call i32 (i8*, ...) @printf(i8* %t38, i8* %t37)
  br label %L5
L4:
  %t40 = getelementptr [6 x i8], [6 x i8]* @.str.false, i32 0, i32 0
  %t41 = getelementptr [3 x i8], [3 x i8]* @.fmt.s, i32 0, i32 0
  %t42 = call i32 (i8*, ...) @printf(i8* %t41, i8* %t40)
  br label %L5
L5:
  %t43 = getelementptr [2 x i8], [2 x i8]* @.str.0, i32 0, i32 0
  %t44 = getelementptr [3 x i8], [3 x i8]* @.fmt.s, i32 0, i32 0
  %t45 = call i32 (i8*, ...) @printf(i8* %t44, i8* %t43)
  %t46 = add i1 0, 0
  %t47 = call i1 @falseB__()
  %t48 = icmp eq i1 %t46, %t47
  %t49 = xor i1 %t48, 1
  br i1 %t49, label %L6, label %L7
L6:
  %t50 = getelementptr [5 x i8], [5 x i8]* @.str.true, i32 0, i32 0
  %t51 = getelementptr [3 x i8], [3 x i8]* @.fmt.s, i32 0, i32 0
  %t52 = call i32 (i8*, ...) @printf(i8* %t51, i8* %t50)
  br label %L8
L7:
  %t53 = getelementptr [6 x i8], [6 x i8]* @.str.false, i32 0, i32 0
  %t54 = getelementptr [3 x i8], [3 x i8]* @.fmt.s, i32 0, i32 0
  %t55 = call i32 (i8*, ...) @printf(i8* %t54, i8* %t53)
  br label %L8
L8:
  %t56 = getelementptr [2 x i8], [2 x i8]* @.str.0, i32 0, i32 0
  %t57 = getelementptr [3 x i8], [3 x i8]* @.fmt.s, i32 0, i32 0
  %t58 = call i32 (i8*, ...) @printf(i8* %t57, i8* %t56)
  %t59 = add i32 0, 1
  %t60 = add i32 0, 1
  %t61 = sub i32 %t59, %t60
  %t62 = add i32 0, 0
  %t63 = add i32 %t61, %t62
  %t64 = sub i32 0, %t63
  %t65 = sub i32 0, %t64
  %t66 = add i32 %t65, 1
  %t67 = load i8**, i8*** %args.argv
  %t68 = getelementptr i8*, i8** %t67, i32 %t66
  %t69 = load i8*, i8** %t68
  %t70 = call i32 @atoi(i8* %t69)
  %t71 = sub i32 0, %t70
  %t72 = sub i32 0, %t71
  %t73 = sub i32 0, %t72
  %t74 = getelementptr [3 x i8], [3 x i8]* @.fmt.d, i32 0, i32 0
  %t75 = call i32 (i8*, ...) @printf(i8* %t74, i32 %t73)
  %t76 = getelementptr [2 x i8], [2 x i8]* @.str.0, i32 0, i32 0
  %t77 = getelementptr [3 x i8], [3 x i8]* @.fmt.s, i32 0, i32 0
  %t78 = call i32 (i8*, ...) @printf(i8* %t77, i8* %t76)
  ret i32 0
}

define i1 @falseB__() {
entry:
  %t0 = add i1 0, 1
  %t1 = xor i1 %t0, 1
  ret i1 %t1
}

--- STDERR ---
PLEASE submit a bug report to https://github.com/llvm/llvm-project/issues/ and include the crash backtrace.
Stack dump:
0.	Program arguments: lli /tmp/t.ll
 #0 0x000070746a21dd1f llvm::sys::PrintStackTrace(llvm::raw_ostream&, int) (/usr/lib/llvm-20/bin/../lib/libLLVM.so.20.1+0x101dd1f)
 #1 0x000070746a21ba29 llvm::sys::RunSignalHandlers() (/usr/lib/llvm-20/bin/../lib/libLLVM.so.20.1+0x101ba29)
 #2 0x000070746a21e430 (/usr/lib/llvm-20/bin/../lib/libLLVM.so.20.1+0x101e430)
 #3 0x0000707468a458d0 (/lib/x86_64-linux-gnu/libc.so.6+0x458d0)
 #4 0x0000707468a57a0b __GI_____strtol_l_internal ./stdlib/../stdlib/strtol_l.c:304:10
 #5 0x0000707468a46d64 atoi ./stdlib/atoi.c:28:1
 #6 0x0000707471d6610a 
 #7 0x000070746c1ab45a llvm::orc::runAsMain(int (*)(int, char**), llvm::ArrayRef<std::__cxx11::basic_string<char, std::char_traits<char>, std::allocator<char>>>, std::optional<llvm::StringRef>) (/usr/lib/llvm-20/bin/../lib/libLLVM.so.20.1+0x2fab45a)
 #8 0x00005ff6e0937af4 runOrcJIT(char const*) (/usr/lib/llvm-20/bin/lli+0x18af4)
 #9 0x00005ff6e09332c1 main (/usr/lib/llvm-20/bin/lli+0x142c1)
#10 0x0000707468a2a578 __libc_start_call_main ./csu/../sysdeps/nptl/libc_start_call_main.h:74:3
#11 0x0000707468a2a63b call_init ./csu/../csu/libc-start.c:128:20
#12 0x0000707468a2a63b __libc_start_main ./csu/../csu/libc-start.c:347:5
#13 0x00005ff6e0930935 _start (/usr/lib/llvm-20/bin/lli+0x11935)
