=== FAILED: ../testes/meta4/m4_essential_argc_argv.java ===
0a1
> 0
--- LLVM IR ---
@.fmt.d = private constant [3 x i8] c"%d\00"
@.fmt.e = private constant [6 x i8] c"%.16e\00"
@.fmt.s = private constant [3 x i8] c"%s\00"
@.str.true = private constant [5 x i8] c"true\00"
@.str.false = private constant [6 x i8] c"false\00"

@.str.0 = private constant [2 x i8] c"\0A\00"


declare i32 @printf(i8*, ...)
declare i32 @atoi(i8*)

define i32 @main(i32 %argc, i8** %argv) {
entry:
  %args.argc = alloca i32
  %args.argv = alloca i8**
  store i32 %argc, i32* %args.argc
  store i8** %argv, i8*** %args.argv
  %t0 = load i32, i32* %args.argc
  %t1 = sub i32 %t0, 1
  %t2 = getelementptr [3 x i8], [3 x i8]* @.fmt.d, i32 0, i32 0
  %t3 = call i32 (i8*, ...) @printf(i8* %t2, i32 %t1)
  %t4 = getelementptr [2 x i8], [2 x i8]* @.str.0, i32 0, i32 0
  %t5 = getelementptr [3 x i8], [3 x i8]* @.fmt.s, i32 0, i32 0
  %t6 = call i32 (i8*, ...) @printf(i8* %t5, i8* %t4)
  %t7 = load i32, i32* %args.argc
  %t8 = sub i32 %t7, 1
  %t9 = add i32 0, 0
  %t10 = icmp sgt i32 %t8, %t9
  br i1 %t10, label %L0, label %L1
L0:
  %t11 = add i32 0, 0
  %t12 = add i32 %t11, 1
  %t13 = load i8**, i8*** %args.argv
  %t14 = getelementptr i8*, i8** %t13, i32 %t12
  %t15 = load i8*, i8** %t14
  %t16 = call i32 @atoi(i8* %t15)
  %t17 = getelementptr [3 x i8], [3 x i8]* @.fmt.d, i32 0, i32 0
  %t18 = call i32 (i8*, ...) @printf(i8* %t17, i32 %t16)
  %t19 = getelementptr [2 x i8], [2 x i8]* @.str.0, i32 0, i32 0
  %t20 = getelementptr [3 x i8], [3 x i8]* @.fmt.s, i32 0, i32 0
  %t21 = call i32 (i8*, ...) @printf(i8* %t20, i8* %t19)
  br label %L2
L1:
  br label %L2
L2:
  ret i32 0
}

--- STDERR ---
