=== FAILED: ../testes/meta4/m4_essential_assign.java ===
0a1,3
> 2
> 2
> 3
--- LLVM IR ---
@.fmt.d = private constant [3 x i8] c"%d\00"
@.fmt.e = private constant [6 x i8] c"%.16e\00"
@.fmt.s = private constant [3 x i8] c"%s\00"
@.str.true = private constant [5 x i8] c"true\00"
@.str.false = private constant [6 x i8] c"false\00"

@.str.0 = private constant [2 x i8] c"\0A\00"


declare i32 @printf(i8*, ...)
declare i32 @atoi(i8*)

define i32 @main(i32 %argc, i8** %argv) {
entry:
  %args.argc = alloca i32
  %args.argv = alloca i8**
  store i32 %argc, i32* %args.argc
  store i8** %argv, i8*** %args.argv
  %a = alloca i32
  store i32 0, i32* %a
  %b = alloca i32
  store i32 0, i32* %b
  %c = alloca i32
  store i32 0, i32* %c
  %t0 = add i32 0, 2
  store i32 %t0, i32* %a
  %t1 = load i32, i32* %a
  store i32 %t1, i32* %b
  %t2 = load i32, i32* %b
  %t3 = add i32 0, 1
  %t4 = add i32 %t2, %t3
  store i32 %t4, i32* %c
  %t5 = load i32, i32* %a
  %t6 = getelementptr [3 x i8], [3 x i8]* @.fmt.d, i32 0, i32 0
  %t7 = call i32 (i8*, ...) @printf(i8* %t6, i32 %t5)
  %t8 = getelementptr [2 x i8], [2 x i8]* @.str.0, i32 0, i32 0
  %t9 = getelementptr [3 x i8], [3 x i8]* @.fmt.s, i32 0, i32 0
  %t10 = call i32 (i8*, ...) @printf(i8* %t9, i8* %t8)
  %t11 = load i32, i32* %b
  %t12 = getelementptr [3 x i8], [3 x i8]* @.fmt.d, i32 0, i32 0
  %t13 = call i32 (i8*, ...) @printf(i8* %t12, i32 %t11)
  %t14 = getelementptr [2 x i8], [2 x i8]* @.str.0, i32 0, i32 0
  %t15 = getelementptr [3 x i8], [3 x i8]* @.fmt.s, i32 0, i32 0
  %t16 = call i32 (i8*, ...) @printf(i8* %t15, i8* %t14)
  %t17 = load i32, i32* %c
  %t18 = getelementptr [3 x i8], [3 x i8]* @.fmt.d, i32 0, i32 0
  %t19 = call i32 (i8*, ...) @printf(i8* %t18, i32 %t17)
  %t20 = getelementptr [2 x i8], [2 x i8]* @.str.0, i32 0, i32 0
  %t21 = getelementptr [3 x i8], [3 x i8]* @.fmt.s, i32 0, i32 0
  %t22 = call i32 (i8*, ...) @printf(i8* %t21, i8* %t20)
  ret i32 0
}

--- STDERR ---
