=== FAILED: ../testes/meta4/m4_methods_call.java ===
0a1
> 12
--- LLVM IR ---
@.fmt.d = private constant [3 x i8] c"%d\00"
@.fmt.e = private constant [6 x i8] c"%.16e\00"
@.fmt.s = private constant [3 x i8] c"%s\00"
@.str.true = private constant [5 x i8] c"true\00"
@.str.false = private constant [6 x i8] c"false\00"

@.str.0 = private constant [2 x i8] c"\0A\00"


declare i32 @printf(i8*, ...)
declare i32 @atoi(i8*)

define i32 @triple__int(i32 %param.x) {
entry:
  %x = alloca i32
  store i32 %param.x, i32* %x
  %t0 = load i32, i32* %x
  %t1 = load i32, i32* %x
  %t2 = add i32 %t0, %t1
  %t3 = load i32, i32* %x
  %t4 = add i32 %t2, %t3
  ret i32 %t4
}

define i32 @main(i32 %argc, i8** %argv) {
entry:
  %args.argc = alloca i32
  %args.argv = alloca i8**
  store i32 %argc, i32* %args.argc
  store i8** %argv, i8*** %args.argv
  %t0 = add i32 0, 4
  %t1 = call i32 @triple__int(i32 %t0)
  %t2 = getelementptr [3 x i8], [3 x i8]* @.fmt.d, i32 0, i32 0
  %t3 = call i32 (i8*, ...) @printf(i8* %t2, i32 %t1)
  %t4 = getelementptr [2 x i8], [2 x i8]* @.str.0, i32 0, i32 0
  %t5 = getelementptr [3 x i8], [3 x i8]* @.fmt.s, i32 0, i32 0
  %t6 = call i32 (i8*, ...) @printf(i8* %t5, i8* %t4)
  ret i32 0
}

--- STDERR ---
