=== FAILED: ../testes/meta4/m4_cli_sumfive.java ===
1d0
< 15
--- LLVM IR ---
@.fmt.d = private unnamed_addr constant [3 x i8] c"%d\00"
@.fmt.e = private unnamed_addr constant [6 x i8] c"%.16e\00"
@.fmt.s = private unnamed_addr constant [3 x i8] c"%s\00"
@.str.true = private unnamed_addr constant [5 x i8] c"true\00"
@.str.false = private unnamed_addr constant [6 x i8] c"false\00"

@.str.0 = private unnamed_addr constant [2 x i8] c"\0A\00"


declare i32 @printf(i8*, ...)
declare i32 @atoi(i8*)

define i32 @main(i32 %argc, i8** %argv) {
entry:
  %args.argc = alloca i32
  %args.argv = alloca i8**
  store i32 %argc, i32* %args.argc
  store i8** %argv, i8*** %args.argv
  %t0 = add i32 0, 0
  %t1 = add i32 %t0, 1
  %t2 = load i8**, i8*** %args.argv
  %t3 = getelementptr i8*, i8** %t2, i32 %t1
  %t4 = load i8*, i8** %t3
  %t5 = call i32 @atoi(i8* %t4)
  %t6 = add i32 0, 1
  %t7 = add i32 %t6, 1
  %t8 = load i8**, i8*** %args.argv
  %t9 = getelementptr i8*, i8** %t8, i32 %t7
  %t10 = load i8*, i8** %t9
  %t11 = call i32 @atoi(i8* %t10)
  %t12 = add i32 %t5, %t11
  %t13 = add i32 0, 2
  %t14 = add i32 %t13, 1
  %t15 = load i8**, i8*** %args.argv
  %t16 = getelementptr i8*, i8** %t15, i32 %t14
  %t17 = load i8*, i8** %t16
  %t18 = call i32 @atoi(i8* %t17)
  %t19 = add i32 %t12, %t18
  %t20 = add i32 0, 3
  %t21 = add i32 %t20, 1
  %t22 = load i8**, i8*** %args.argv
  %t23 = getelementptr i8*, i8** %t22, i32 %t21
  %t24 = load i8*, i8** %t23
  %t25 = call i32 @atoi(i8* %t24)
  %t26 = add i32 %t19, %t25
  %t27 = add i32 0, 4
  %t28 = add i32 %t27, 1
  %t29 = load i8**, i8*** %args.argv
  %t30 = getelementptr i8*, i8** %t29, i32 %t28
  %t31 = load i8*, i8** %t30
  %t32 = call i32 @atoi(i8* %t31)
  %t33 = add i32 %t26, %t32
  %t34 = getelementptr [3 x i8], [3 x i8]* @.fmt.d, i32 0, i32 0
  %t35 = call i32 (i8*, ...) @printf(i8* %t34, i32 %t33)
  %t36 = getelementptr [2 x i8], [2 x i8]* @.str.0, i32 0, i32 0
  %t37 = getelementptr [3 x i8], [3 x i8]* @.fmt.s, i32 0, i32 0
  %t38 = call i32 (i8*, ...) @printf(i8* %t37, i8* %t36)
  ret i32 0
}

--- STDERR ---
PLEASE submit a bug report to https://github.com/llvm/llvm-project/issues/ and include the crash backtrace.
Stack dump:
0.	Program arguments: lli /tmp/t.ll
 #0 0x00007b55b001dd1f llvm::sys::PrintStackTrace(llvm::raw_ostream&, int) (/usr/lib/llvm-20/bin/../lib/libLLVM.so.20.1+0x101dd1f)
 #1 0x00007b55b001ba29 llvm::sys::RunSignalHandlers() (/usr/lib/llvm-20/bin/../lib/libLLVM.so.20.1+0x101ba29)
 #2 0x00007b55b001e430 (/usr/lib/llvm-20/bin/../lib/libLLVM.so.20.1+0x101e430)
 #3 0x00007b55ae8458d0 (/lib/x86_64-linux-gnu/libc.so.6+0x458d0)
 #4 0x00007b55ae857a0b __GI_____strtol_l_internal ./stdlib/../stdlib/strtol_l.c:304:10
 #5 0x00007b55ae846d64 atoi ./stdlib/atoi.c:28:1
 #6 0x00007b55b7af201c 
 #7 0x00007b55b1fab45a llvm::orc::runAsMain(int (*)(int, char**), llvm::ArrayRef<std::__cxx11::basic_string<char, std::char_traits<char>, std::allocator<char>>>, std::optional<llvm::StringRef>) (/usr/lib/llvm-20/bin/../lib/libLLVM.so.20.1+0x2fab45a)
 #8 0x00006498f6e44af4 runOrcJIT(char const*) (/usr/lib/llvm-20/bin/lli+0x18af4)
 #9 0x00006498f6e402c1 main (/usr/lib/llvm-20/bin/lli+0x142c1)
#10 0x00007b55ae82a578 __libc_start_call_main ./csu/../sysdeps/nptl/libc_start_call_main.h:74:3
#11 0x00007b55ae82a63b call_init ./csu/../csu/libc-start.c:128:20
#12 0x00007b55ae82a63b __libc_start_main ./csu/../csu/libc-start.c:347:5
#13 0x00006498f6e3d935 _start (/usr/lib/llvm-20/bin/lli+0x11935)
