=== FAILED: ../testes/meta4/essential_args.java ===
1,2d0
< 1
< 7
--- LLVM IR ---
@.fmt.d = private unnamed_addr constant [3 x i8] c"%d\00"
@.fmt.e = private unnamed_addr constant [6 x i8] c"%.16e\00"
@.fmt.s = private unnamed_addr constant [3 x i8] c"%s\00"
@.str.true = private unnamed_addr constant [5 x i8] c"true\00"
@.str.false = private unnamed_addr constant [6 x i8] c"false\00"

@.str.0 = private unnamed_addr constant [2 x i8] c"\0A\00"


declare i32 @printf(i8*, ...)
declare i32 @atoi(i8*)

define i32 @main(i32 %argc, i8** %argv) {
entry:
  %args.argc = alloca i32
  %args.argv = alloca i8**
  store i32 %argc, i32* %args.argc
  store i8** %argv, i8*** %args.argv
  %t0 = load i32, i32* %args.argc
  %t1 = sub i32 %t0, 1
  %t2 = getelementptr [3 x i8], [3 x i8]* @.fmt.d, i32 0, i32 0
  %t3 = call i32 (i8*, ...) @printf(i8* %t2, i32 %t1)
  %t4 = getelementptr [2 x i8], [2 x i8]* @.str.0, i32 0, i32 0
  %t5 = getelementptr [3 x i8], [3 x i8]* @.fmt.s, i32 0, i32 0
  %t6 = call i32 (i8*, ...) @printf(i8* %t5, i8* %t4)
  %t7 = add i32 0, 0
  %t8 = add i32 %t7, 1
  %t9 = load i8**, i8*** %args.argv
  %t10 = getelementptr i8*, i8** %t9, i32 %t8
  %t11 = load i8*, i8** %t10
  %t12 = call i32 @atoi(i8* %t11)
  %t13 = getelementptr [3 x i8], [3 x i8]* @.fmt.d, i32 0, i32 0
  %t14 = call i32 (i8*, ...) @printf(i8* %t13, i32 %t12)
  %t15 = getelementptr [2 x i8], [2 x i8]* @.str.0, i32 0, i32 0
  %t16 = getelementptr [3 x i8], [3 x i8]* @.fmt.s, i32 0, i32 0
  %t17 = call i32 (i8*, ...) @printf(i8* %t16, i8* %t15)
  ret i32 0
}

--- STDERR ---
PLEASE submit a bug report to https://github.com/llvm/llvm-project/issues/ and include the crash backtrace.
Stack dump:
0.	Program arguments: lli /tmp/t.ll
 #0 0x00007fd4f041dd1f llvm::sys::PrintStackTrace(llvm::raw_ostream&, int) (/usr/lib/llvm-20/bin/../lib/libLLVM.so.20.1+0x101dd1f)
 #1 0x00007fd4f041ba29 llvm::sys::RunSignalHandlers() (/usr/lib/llvm-20/bin/../lib/libLLVM.so.20.1+0x101ba29)
 #2 0x00007fd4f041e430 (/usr/lib/llvm-20/bin/../lib/libLLVM.so.20.1+0x101e430)
 #3 0x00007fd4eec458d0 (/lib/x86_64-linux-gnu/libc.so.6+0x458d0)
 #4 0x00007fd4eec57a0b __GI_____strtol_l_internal ./stdlib/../stdlib/strtol_l.c:304:10
 #5 0x00007fd4eec46d64 atoi ./stdlib/atoi.c:28:1
 #6 0x00007fd4f7e6a051 
 #7 0x00007fd4f23ab45a llvm::orc::runAsMain(int (*)(int, char**), llvm::ArrayRef<std::__cxx11::basic_string<char, std::char_traits<char>, std::allocator<char>>>, std::optional<llvm::StringRef>) (/usr/lib/llvm-20/bin/../lib/libLLVM.so.20.1+0x2fab45a)
 #8 0x00005eb3cce5aaf4 runOrcJIT(char const*) (/usr/lib/llvm-20/bin/lli+0x18af4)
 #9 0x00005eb3cce562c1 main (/usr/lib/llvm-20/bin/lli+0x142c1)
#10 0x00007fd4eec2a578 __libc_start_call_main ./csu/../sysdeps/nptl/libc_start_call_main.h:74:3
#11 0x00007fd4eec2a63b call_init ./csu/../csu/libc-start.c:128:20
#12 0x00007fd4eec2a63b __libc_start_main ./csu/../csu/libc-start.c:347:5
#13 0x00005eb3cce53935 _start (/usr/lib/llvm-20/bin/lli+0x11935)
