=== FAILED: ../testes/meta4/m4_methods_return.java ===
0a1,2
> 11
> 22
--- LLVM IR ---
@.fmt.d = private constant [3 x i8] c"%d\00"
@.fmt.e = private constant [6 x i8] c"%.16e\00"
@.fmt.s = private constant [3 x i8] c"%s\00"
@.str.true = private constant [5 x i8] c"true\00"
@.str.false = private constant [6 x i8] c"false\00"

@.str.0 = private constant [2 x i8] c"\0A\00"


declare i32 @printf(i8*, ...)
declare i32 @atoi(i8*)

define i32 @pick__boolean__int__int(i1 %param.flag, i32 %param.a, i32 %param.b) {
entry:
  %flag = alloca i1
  store i1 %param.flag, i1* %flag
  %a = alloca i32
  store i32 %param.a, i32* %a
  %b = alloca i32
  store i32 %param.b, i32* %b
  %t0 = load i1, i1* %flag
  br i1 %t0, label %L0, label %L1
L0:
  %t1 = load i32, i32* %a
  ret i32 %t1
L1:
  %t2 = load i32, i32* %b
  ret i32 %t2
L2:
  ret i32 0
}

define i32 @main(i32 %argc, i8** %argv) {
entry:
  %args.argc = alloca i32
  %args.argv = alloca i8**
  store i32 %argc, i32* %args.argc
  store i8** %argv, i8*** %args.argv
  %t0 = add i1 0, 1
  %t1 = add i32 0, 11
  %t2 = add i32 0, 22
  %t3 = call i32 @pick__boolean__int__int(i1 %t0, i32 %t1, i32 %t2)
  %t4 = getelementptr [3 x i8], [3 x i8]* @.fmt.d, i32 0, i32 0
  %t5 = call i32 (i8*, ...) @printf(i8* %t4, i32 %t3)
  %t6 = getelementptr [2 x i8], [2 x i8]* @.str.0, i32 0, i32 0
  %t7 = getelementptr [3 x i8], [3 x i8]* @.fmt.s, i32 0, i32 0
  %t8 = call i32 (i8*, ...) @printf(i8* %t7, i8* %t6)
  %t9 = add i1 0, 0
  %t10 = add i32 0, 11
  %t11 = add i32 0, 22
  %t12 = call i32 @pick__boolean__int__int(i1 %t9, i32 %t10, i32 %t11)
  %t13 = getelementptr [3 x i8], [3 x i8]* @.fmt.d, i32 0, i32 0
  %t14 = call i32 (i8*, ...) @printf(i8* %t13, i32 %t12)
  %t15 = getelementptr [2 x i8], [2 x i8]* @.str.0, i32 0, i32 0
  %t16 = getelementptr [3 x i8], [3 x i8]* @.fmt.s, i32 0, i32 0
  %t17 = call i32 (i8*, ...) @printf(i8* %t16, i8* %t15)
  ret i32 0
}

--- STDERR ---
