=== FAILED: ../testes/meta4/fluxControl2.java ===
1,2d0
< 0
< 84
--- LLVM IR ---
@.fmt.d = private unnamed_addr constant [3 x i8] c"%d\00"
@.fmt.e = private unnamed_addr constant [6 x i8] c"%.16e\00"
@.fmt.s = private unnamed_addr constant [3 x i8] c"%s\00"
@.str.true = private unnamed_addr constant [5 x i8] c"true\00"
@.str.false = private unnamed_addr constant [6 x i8] c"false\00"

@.str.0 = private unnamed_addr constant [2 x i8] c"\0A\00"


declare i32 @printf(i8*, ...)
declare i32 @atoi(i8*)

define i32 @a__int(i32 %param.input) {
entry:
  %input = alloca i32
  store i32 %param.input, i32* %input
  %i = alloca i32
  store i32 0, i32* %i
  %t0 = add i32 0, 0
  store i32 %t0, i32* %i
  br label %L0
L0:
  %t1 = load i32, i32* %i
  %t2 = add i32 0, 10
  %t3 = icmp slt i32 %t1, %t2
  br i1 %t3, label %L1, label %L2
L1:
  %t4 = load i32, i32* %input
  %t5 = add i32 0, 2
  %t6 = add i32 %t4, %t5
  store i32 %t6, i32* %input
  %t7 = load i32, i32* %i
  %t8 = add i32 0, 1
  %t9 = add i32 %t7, %t8
  store i32 %t9, i32* %i
  br label %L0
L2:
  %t10 = load i32, i32* %input
  ret i32 %t10
}

define i32 @b__int(i32 %param.input) {
entry:
  %input = alloca i32
  store i32 %param.input, i32* %input
  %k = alloca i32
  store i32 0, i32* %k
  %t0 = add i32 0, 0
  store i32 %t0, i32* %k
  br label %L0
L0:
  %t1 = load i32, i32* %k
  %t2 = add i32 0, 5
  %t3 = icmp slt i32 %t1, %t2
  br i1 %t3, label %L1, label %L2
L1:
  %t4 = load i32, i32* %k
  %t5 = add i32 0, 1
  %t6 = icmp eq i32 %t4, %t5
  br i1 %t6, label %L3, label %L4
L3:
  %t7 = load i32, i32* %input
  %t8 = add i32 0, 2
  %t9 = sub i32 %t7, %t8
  store i32 %t9, i32* %input
  br label %L5
L4:
  %t10 = load i32, i32* %k
  %t11 = add i32 0, 2
  %t12 = icmp eq i32 %t10, %t11
  br i1 %t12, label %L6, label %L7
L6:
  %t13 = load i32, i32* %input
  %t14 = add i32 0, 3
  %t15 = mul i32 %t13, %t14
  store i32 %t15, i32* %input
  br label %L8
L7:
  br label %L8
L8:
  br label %L5
L5:
  %t16 = load i32, i32* %k
  %t17 = add i32 0, 1
  %t18 = add i32 %t16, %t17
  store i32 %t18, i32* %k
  br label %L0
L2:
  %t19 = load i32, i32* %input
  ret i32 %t19
}

define i32 @main(i32 %argc, i8** %argv) {
entry:
  %args.argc = alloca i32
  %args.argv = alloca i8**
  store i32 %argc, i32* %args.argc
  store i8** %argv, i8*** %args.argv
  %input = alloca i32
  store i32 0, i32* %input
  %aux = alloca i32
  store i32 0, i32* %aux
  %aux1 = alloca i32
  store i32 0, i32* %aux1
  %t0 = add i32 0, 0
  store i32 %t0, i32* %aux
  %t1 = add i32 0, 0
  store i32 %t1, i32* %aux1
  %t2 = add i32 0, 0
  %t3 = add i32 %t2, 1
  %t4 = load i8**, i8*** %args.argv
  %t5 = getelementptr i8*, i8** %t4, i32 %t3
  %t6 = load i8*, i8** %t5
  %t7 = call i32 @atoi(i8* %t6)
  store i32 %t7, i32* %input
  %t8 = load i32, i32* %input
  %t9 = add i32 0, 10
  %t10 = icmp slt i32 %t8, %t9
  br i1 %t10, label %L0, label %L1
L0:
  %t11 = load i32, i32* %input
  %t12 = call i32 @a__int(i32 %t11)
  store i32 %t12, i32* %aux
  br label %L2
L1:
  %t13 = load i32, i32* %input
  %t14 = call i32 @b__int(i32 %t13)
  store i32 %t14, i32* %aux1
  br label %L2
L2:
  %t15 = load i32, i32* %aux
  %t16 = getelementptr [3 x i8], [3 x i8]* @.fmt.d, i32 0, i32 0
  %t17 = call i32 (i8*, ...) @printf(i8* %t16, i32 %t15)
  %t18 = getelementptr [2 x i8], [2 x i8]* @.str.0, i32 0, i32 0
  %t19 = getelementptr [3 x i8], [3 x i8]* @.fmt.s, i32 0, i32 0
  %t20 = call i32 (i8*, ...) @printf(i8* %t19, i8* %t18)
  %t21 = load i32, i32* %aux1
  %t22 = getelementptr [3 x i8], [3 x i8]* @.fmt.d, i32 0, i32 0
  %t23 = call i32 (i8*, ...) @printf(i8* %t22, i32 %t21)
  %t24 = getelementptr [2 x i8], [2 x i8]* @.str.0, i32 0, i32 0
  %t25 = getelementptr [3 x i8], [3 x i8]* @.fmt.s, i32 0, i32 0
  %t26 = call i32 (i8*, ...) @printf(i8* %t25, i8* %t24)
  ret i32 0
}

--- STDERR ---
PLEASE submit a bug report to https://github.com/llvm/llvm-project/issues/ and include the crash backtrace.
Stack dump:
0.	Program arguments: lli /tmp/t.ll
 #0 0x000074d27bc1dd1f llvm::sys::PrintStackTrace(llvm::raw_ostream&, int) (/usr/lib/llvm-20/bin/../lib/libLLVM.so.20.1+0x101dd1f)
 #1 0x000074d27bc1ba29 llvm::sys::RunSignalHandlers() (/usr/lib/llvm-20/bin/../lib/libLLVM.so.20.1+0x101ba29)
 #2 0x000074d27bc1e430 (/usr/lib/llvm-20/bin/../lib/libLLVM.so.20.1+0x101e430)
 #3 0x000074d27a4458d0 (/lib/x86_64-linux-gnu/libc.so.6+0x458d0)
 #4 0x000074d27a457a0b __GI_____strtol_l_internal ./stdlib/../stdlib/strtol_l.c:304:10
 #5 0x000074d27a446d64 atoi ./stdlib/atoi.c:28:1
 #6 0x000074d2835f80e7 
 #7 0x000074d27dbab45a llvm::orc::runAsMain(int (*)(int, char**), llvm::ArrayRef<std::__cxx11::basic_string<char, std::char_traits<char>, std::allocator<char>>>, std::optional<llvm::StringRef>) (/usr/lib/llvm-20/bin/../lib/libLLVM.so.20.1+0x2fab45a)
 #8 0x00005bfed5965af4 runOrcJIT(char const*) (/usr/lib/llvm-20/bin/lli+0x18af4)
 #9 0x00005bfed59612c1 main (/usr/lib/llvm-20/bin/lli+0x142c1)
#10 0x000074d27a42a578 __libc_start_call_main ./csu/../sysdeps/nptl/libc_start_call_main.h:74:3
#11 0x000074d27a42a63b call_init ./csu/../csu/libc-start.c:128:20
#12 0x000074d27a42a63b __libc_start_main ./csu/../csu/libc-start.c:347:5
#13 0x00005bfed595e935 _start (/usr/lib/llvm-20/bin/lli+0x11935)
