=== FAILED: ../testes/meta4/m4_essential_print.java ===
0a1,2
> 42
> ok
--- LLVM IR ---
@.fmt.d = private constant [3 x i8] c"%d\00"
@.fmt.e = private constant [6 x i8] c"%.16e\00"
@.fmt.s = private constant [3 x i8] c"%s\00"
@.str.true = private constant [5 x i8] c"true\00"
@.str.false = private constant [6 x i8] c"false\00"

@.str.0 = private constant [2 x i8] c"\0A\00"
@.str.1 = private constant [3 x i8] c"ok\00"


declare i32 @printf(i8*, ...)
declare i32 @atoi(i8*)

define i32 @main(i32 %argc, i8** %argv) {
entry:
  %args.argc = alloca i32
  %args.argv = alloca i8**
  store i32 %argc, i32* %args.argc
  store i8** %argv, i8*** %args.argv
  %t0 = add i32 0, 42
  %t1 = getelementptr [3 x i8], [3 x i8]* @.fmt.d, i32 0, i32 0
  %t2 = call i32 (i8*, ...) @printf(i8* %t1, i32 %t0)
  %t3 = getelementptr [2 x i8], [2 x i8]* @.str.0, i32 0, i32 0
  %t4 = getelementptr [3 x i8], [3 x i8]* @.fmt.s, i32 0, i32 0
  %t5 = call i32 (i8*, ...) @printf(i8* %t4, i8* %t3)
  %t6 = getelementptr [3 x i8], [3 x i8]* @.str.1, i32 0, i32 0
  %t7 = getelementptr [3 x i8], [3 x i8]* @.fmt.s, i32 0, i32 0
  %t8 = call i32 (i8*, ...) @printf(i8* %t7, i8* %t6)
  %t9 = getelementptr [2 x i8], [2 x i8]* @.str.0, i32 0, i32 0
  %t10 = getelementptr [3 x i8], [3 x i8]* @.fmt.s, i32 0, i32 0
  %t11 = call i32 (i8*, ...) @printf(i8* %t10, i8* %t9)
  ret i32 0
}

--- STDERR ---
