=== FAILED: ../testes/meta4/m4_ctrl_while.java ===
0a1
> 10
--- LLVM IR ---
@.fmt.d = private unnamed_addr constant [3 x i8] c"%d\00"
@.fmt.e = private unnamed_addr constant [6 x i8] c"%.16e\00"
@.fmt.s = private unnamed_addr constant [3 x i8] c"%s\00"
@.str.true = private unnamed_addr constant [5 x i8] c"true\00"
@.str.false = private unnamed_addr constant [6 x i8] c"false\00"

@.str.0 = private unnamed_addr constant [2 x i8] c"\0A\00"


declare i32 @printf(i8*, ...)
declare i32 @atoi(i8*)

define i32 @main(i32 %argc, i8** %argv) {
entry:
  %args.argc = alloca i32
  %args.argv = alloca i8**
  store i32 %argc, i32* %args.argc
  store i8** %argv, i8*** %args.argv
  %i = alloca i32
  store i32 0, i32* %i
  %s = alloca i32
  store i32 0, i32* %s
  %t0 = add i32 0, 0
  store i32 %t0, i32* %i
  %t1 = add i32 0, 0
  store i32 %t1, i32* %s
  br label %L0
L0:
  %t2 = load i32, i32* %i
  %t3 = add i32 0, 5
  %t4 = icmp slt i32 %t2, %t3
  br i1 %t4, label %L1, label %L2
L1:
  %t5 = load i32, i32* %s
  %t6 = load i32, i32* %i
  %t7 = add i32 %t5, %t6
  store i32 %t7, i32* %s
  %t8 = load i32, i32* %i
  %t9 = add i32 0, 1
  %t10 = add i32 %t8, %t9
  store i32 %t10, i32* %i
  br label %L0
L2:
  %t11 = load i32, i32* %s
  %t12 = getelementptr [3 x i8], [3 x i8]* @.fmt.d, i32 0, i32 0
  %t13 = call i32 (i8*, ...) @printf(i8* %t12, i32 %t11)
  %t14 = getelementptr [2 x i8], [2 x i8]* @.str.0, i32 0, i32 0
  %t15 = getelementptr [3 x i8], [3 x i8]* @.fmt.s, i32 0, i32 0
  %t16 = call i32 (i8*, ...) @printf(i8* %t15, i8* %t14)
  ret i32 0
}

--- STDERR ---
