=== FAILED: ../testes/meta4/m4_expr_logical.java ===
0a1,4
> false
> true
> true
> true
--- LLVM IR ---
@.fmt.d = private unnamed_addr constant [3 x i8] c"%d\00"
@.fmt.e = private unnamed_addr constant [6 x i8] c"%.16e\00"
@.fmt.s = private unnamed_addr constant [3 x i8] c"%s\00"
@.str.true = private unnamed_addr constant [5 x i8] c"true\00"
@.str.false = private unnamed_addr constant [6 x i8] c"false\00"

@.str.0 = private unnamed_addr constant [2 x i8] c"\0A\00"


declare i32 @printf(i8*, ...)
declare i32 @atoi(i8*)

define i32 @main(i32 %argc, i8** %argv) {
entry:
  %args.argc = alloca i32
  %args.argv = alloca i8**
  store i32 %argc, i32* %args.argc
  store i8** %argv, i8*** %args.argv
  %t = alloca i1
  store i1 0, i1* %t
  %f = alloca i1
  store i1 0, i1* %f
  %t0 = add i1 0, 1
  store i1 %t0, i1* %t
  %t1 = add i1 0, 0
  store i1 %t1, i1* %f
  %t2 = load i1, i1* %t
  br i1 %t2, label %L0, label %L1
L0:
  %t3 = load i1, i1* %f
  br label %L2
L1:
  br label %L2
L2:
  %t4 = phi i1 [ %t3, %L0 ], [ false, %L1 ]
  br i1 %t4, label %L3, label %L4
L3:
  %t5 = getelementptr [5 x i8], [5 x i8]* @.str.true, i32 0, i32 0
  %t6 = getelementptr [3 x i8], [3 x i8]* @.fmt.s, i32 0, i32 0
  %t7 = call i32 (i8*, ...) @printf(i8* %t6, i8* %t5)
  br label %L5
L4:
  %t8 = getelementptr [6 x i8], [6 x i8]* @.str.false, i32 0, i32 0
  %t9 = getelementptr [3 x i8], [3 x i8]* @.fmt.s, i32 0, i32 0
  %t10 = call i32 (i8*, ...) @printf(i8* %t9, i8* %t8)
  br label %L5
L5:
  %t11 = getelementptr [2 x i8], [2 x i8]* @.str.0, i32 0, i32 0
  %t12 = getelementptr [3 x i8], [3 x i8]* @.fmt.s, i32 0, i32 0
  %t13 = call i32 (i8*, ...) @printf(i8* %t12, i8* %t11)
  %t14 = load i1, i1* %t
  br i1 %t14, label %L6, label %L7
L7:
  %t15 = load i1, i1* %f
  br label %L8
L6:
  br label %L8
L8:
  %t16 = phi i1 [ %t15, %L7 ], [ true, %L6 ]
  br i1 %t16, label %L9, label %L10
L9:
  %t17 = getelementptr [5 x i8], [5 x i8]* @.str.true, i32 0, i32 0
  %t18 = getelementptr [3 x i8], [3 x i8]* @.fmt.s, i32 0, i32 0
  %t19 = call i32 (i8*, ...) @printf(i8* %t18, i8* %t17)
  br label %L11
L10:
  %t20 = getelementptr [6 x i8], [6 x i8]* @.str.false, i32 0, i32 0
  %t21 = getelementptr [3 x i8], [3 x i8]* @.fmt.s, i32 0, i32 0
  %t22 = call i32 (i8*, ...) @printf(i8* %t21, i8* %t20)
  br label %L11
L11:
  %t23 = getelementptr [2 x i8], [2 x i8]* @.str.0, i32 0, i32 0
  %t24 = getelementptr [3 x i8], [3 x i8]* @.fmt.s, i32 0, i32 0
  %t25 = call i32 (i8*, ...) @printf(i8* %t24, i8* %t23)
  %t26 = load i1, i1* %t
  %t27 = load i1, i1* %f
  %t28 = xor i1 %t26, %t27
  br i1 %t28, label %L12, label %L13
L12:
  %t29 = getelementptr [5 x i8], [5 x i8]* @.str.true, i32 0, i32 0
  %t30 = getelementptr [3 x i8], [3 x i8]* @.fmt.s, i32 0, i32 0
  %t31 = call i32 (i8*, ...) @printf(i8* %t30, i8* %t29)
  br label %L14
L13:
  %t32 = getelementptr [6 x i8], [6 x i8]* @.str.false, i32 0, i32 0
  %t33 = getelementptr [3 x i8], [3 x i8]* @.fmt.s, i32 0, i32 0
  %t34 = call i32 (i8*, ...) @printf(i8* %t33, i8* %t32)
  br label %L14
L14:
  %t35 = getelementptr [2 x i8], [2 x i8]* @.str.0, i32 0, i32 0
  %t36 = getelementptr [3 x i8], [3 x i8]* @.fmt.s, i32 0, i32 0
  %t37 = call i32 (i8*, ...) @printf(i8* %t36, i8* %t35)
  %t38 = load i1, i1* %f
  %t39 = xor i1 %t38, 1
  br i1 %t39, label %L15, label %L16
L15:
  %t40 = getelementptr [5 x i8], [5 x i8]* @.str.true, i32 0, i32 0
  %t41 = getelementptr [3 x i8], [3 x i8]* @.fmt.s, i32 0, i32 0
  %t42 = call i32 (i8*, ...) @printf(i8* %t41, i8* %t40)
  br label %L17
L16:
  %t43 = getelementptr [6 x i8], [6 x i8]* @.str.false, i32 0, i32 0
  %t44 = getelementptr [3 x i8], [3 x i8]* @.fmt.s, i32 0, i32 0
  %t45 = call i32 (i8*, ...) @printf(i8* %t44, i8* %t43)
  br label %L17
L17:
  %t46 = getelementptr [2 x i8], [2 x i8]* @.str.0, i32 0, i32 0
  %t47 = getelementptr [3 x i8], [3 x i8]* @.fmt.s, i32 0, i32 0
  %t48 = call i32 (i8*, ...) @printf(i8* %t47, i8* %t46)
  ret i32 0
}

--- STDERR ---
