=== FAILED: ../testes/meta4/m4_expr_relational.java ===
0a1,6
> true
> true
> true
> false
> true
> true
--- LLVM IR ---
@.fmt.d = private unnamed_addr constant [3 x i8] c"%d\00"
@.fmt.e = private unnamed_addr constant [6 x i8] c"%.16e\00"
@.fmt.s = private unnamed_addr constant [3 x i8] c"%s\00"
@.str.true = private unnamed_addr constant [5 x i8] c"true\00"
@.str.false = private unnamed_addr constant [6 x i8] c"false\00"

@.str.0 = private unnamed_addr constant [2 x i8] c"\0A\00"


declare i32 @printf(i8*, ...)
declare i32 @atoi(i8*)

define i32 @main(i32 %argc, i8** %argv) {
entry:
  %args.argc = alloca i32
  %args.argv = alloca i8**
  store i32 %argc, i32* %args.argc
  store i8** %argv, i8*** %args.argv
  %t0 = add i32 0, 3
  %t1 = add i32 0, 5
  %t2 = icmp slt i32 %t0, %t1
  br i1 %t2, label %L0, label %L1
L0:
  %t3 = getelementptr [5 x i8], [5 x i8]* @.str.true, i32 0, i32 0
  %t4 = getelementptr [3 x i8], [3 x i8]* @.fmt.s, i32 0, i32 0
  %t5 = call i32 (i8*, ...) @printf(i8* %t4, i8* %t3)
  br label %L2
L1:
  %t6 = getelementptr [6 x i8], [6 x i8]* @.str.false, i32 0, i32 0
  %t7 = getelementptr [3 x i8], [3 x i8]* @.fmt.s, i32 0, i32 0
  %t8 = call i32 (i8*, ...) @printf(i8* %t7, i8* %t6)
  br label %L2
L2:
  %t9 = getelementptr [2 x i8], [2 x i8]* @.str.0, i32 0, i32 0
  %t10 = getelementptr [3 x i8], [3 x i8]* @.fmt.s, i32 0, i32 0
  %t11 = call i32 (i8*, ...) @printf(i8* %t10, i8* %t9)
  %t12 = add i32 0, 5
  %t13 = add i32 0, 4
  %t14 = icmp sgt i32 %t12, %t13
  br i1 %t14, label %L3, label %L4
L3:
  %t15 = getelementptr [5 x i8], [5 x i8]* @.str.true, i32 0, i32 0
  %t16 = getelementptr [3 x i8], [3 x i8]* @.fmt.s, i32 0, i32 0
  %t17 = call i32 (i8*, ...) @printf(i8* %t16, i8* %t15)
  br label %L5
L4:
  %t18 = getelementptr [6 x i8], [6 x i8]* @.str.false, i32 0, i32 0
  %t19 = getelementptr [3 x i8], [3 x i8]* @.fmt.s, i32 0, i32 0
  %t20 = call i32 (i8*, ...) @printf(i8* %t19, i8* %t18)
  br label %L5
L5:
  %t21 = getelementptr [2 x i8], [2 x i8]* @.str.0, i32 0, i32 0
  %t22 = getelementptr [3 x i8], [3 x i8]* @.fmt.s, i32 0, i32 0
  %t23 = call i32 (i8*, ...) @printf(i8* %t22, i8* %t21)
  %t24 = add i32 0, 3
  %t25 = add i32 0, 3
  %t26 = icmp sle i32 %t24, %t25
  br i1 %t26, label %L6, label %L7
L6:
  %t27 = getelementptr [5 x i8], [5 x i8]* @.str.true, i32 0, i32 0
  %t28 = getelementptr [3 x i8], [3 x i8]* @.fmt.s, i32 0, i32 0
  %t29 = call i32 (i8*, ...) @printf(i8* %t28, i8* %t27)
  br label %L8
L7:
  %t30 = getelementptr [6 x i8], [6 x i8]* @.str.false, i32 0, i32 0
  %t31 = getelementptr [3 x i8], [3 x i8]* @.fmt.s, i32 0, i32 0
  %t32 = call i32 (i8*, ...) @printf(i8* %t31, i8* %t30)
  br label %L8
L8:
  %t33 = getelementptr [2 x i8], [2 x i8]* @.str.0, i32 0, i32 0
  %t34 = getelementptr [3 x i8], [3 x i8]* @.fmt.s, i32 0, i32 0
  %t35 = call i32 (i8*, ...) @printf(i8* %t34, i8* %t33)
  %t36 = add i32 0, 4
  %t37 = add i32 0, 5
  %t38 = icmp sge i32 %t36, %t37
  br i1 %t38, label %L9, label %L10
L9:
  %t39 = getelementptr [5 x i8], [5 x i8]* @.str.true, i32 0, i32 0
  %t40 = getelementptr [3 x i8], [3 x i8]* @.fmt.s, i32 0, i32 0
  %t41 = call i32 (i8*, ...) @printf(i8* %t40, i8* %t39)
  br label %L11
L10:
  %t42 = getelementptr [6 x i8], [6 x i8]* @.str.false, i32 0, i32 0
  %t43 = getelementptr [3 x i8], [3 x i8]* @.fmt.s, i32 0, i32 0
  %t44 = call i32 (i8*, ...) @printf(i8* %t43, i8* %t42)
  br label %L11
L11:
  %t45 = getelementptr [2 x i8], [2 x i8]* @.str.0, i32 0, i32 0
  %t46 = getelementptr [3 x i8], [3 x i8]* @.fmt.s, i32 0, i32 0
  %t47 = call i32 (i8*, ...) @printf(i8* %t46, i8* %t45)
  %t48 = add i32 0, 2
  %t49 = add i32 0, 2
  %t50 = icmp eq i32 %t48, %t49
  br i1 %t50, label %L12, label %L13
L12:
  %t51 = getelementptr [5 x i8], [5 x i8]* @.str.true, i32 0, i32 0
  %t52 = getelementptr [3 x i8], [3 x i8]* @.fmt.s, i32 0, i32 0
  %t53 = call i32 (i8*, ...) @printf(i8* %t52, i8* %t51)
  br label %L14
L13:
  %t54 = getelementptr [6 x i8], [6 x i8]* @.str.false, i32 0, i32 0
  %t55 = getelementptr [3 x i8], [3 x i8]* @.fmt.s, i32 0, i32 0
  %t56 = call i32 (i8*, ...) @printf(i8* %t55, i8* %t54)
  br label %L14
L14:
  %t57 = getelementptr [2 x i8], [2 x i8]* @.str.0, i32 0, i32 0
  %t58 = getelementptr [3 x i8], [3 x i8]* @.fmt.s, i32 0, i32 0
  %t59 = call i32 (i8*, ...) @printf(i8* %t58, i8* %t57)
  %t60 = add i32 0, 2
  %t61 = add i32 0, 3
  %t62 = icmp ne i32 %t60, %t61
  br i1 %t62, label %L15, label %L16
L15:
  %t63 = getelementptr [5 x i8], [5 x i8]* @.str.true, i32 0, i32 0
  %t64 = getelementptr [3 x i8], [3 x i8]* @.fmt.s, i32 0, i32 0
  %t65 = call i32 (i8*, ...) @printf(i8* %t64, i8* %t63)
  br label %L17
L16:
  %t66 = getelementptr [6 x i8], [6 x i8]* @.str.false, i32 0, i32 0
  %t67 = getelementptr [3 x i8], [3 x i8]* @.fmt.s, i32 0, i32 0
  %t68 = call i32 (i8*, ...) @printf(i8* %t67, i8* %t66)
  br label %L17
L17:
  %t69 = getelementptr [2 x i8], [2 x i8]* @.str.0, i32 0, i32 0
  %t70 = getelementptr [3 x i8], [3 x i8]* @.fmt.s, i32 0, i32 0
  %t71 = call i32 (i8*, ...) @printf(i8* %t70, i8* %t69)
  ret i32 0
}

--- STDERR ---
