=== FAILED: ../testes/meta4/m4_full_argv_sum.java ===
1c1
< 12
---
> 0
--- LLVM IR ---
@.fmt.d = private unnamed_addr constant [3 x i8] c"%d\00"
@.fmt.e = private unnamed_addr constant [6 x i8] c"%.16e\00"
@.fmt.s = private unnamed_addr constant [3 x i8] c"%s\00"
@.str.true = private unnamed_addr constant [5 x i8] c"true\00"
@.str.false = private unnamed_addr constant [6 x i8] c"false\00"

@.str.0 = private unnamed_addr constant [2 x i8] c"\0A\00"


declare i32 @printf(i8*, ...)
declare i32 @atoi(i8*)

define i32 @main(i32 %argc, i8** %argv) {
entry:
  %args.argc = alloca i32
  %args.argv = alloca i8**
  store i32 %argc, i32* %args.argc
  store i8** %argv, i8*** %args.argv
  %i = alloca i32
  store i32 0, i32* %i
  %s = alloca i32
  store i32 0, i32* %s
  %t0 = add i32 0, 0
  store i32 %t0, i32* %i
  %t1 = add i32 0, 0
  store i32 %t1, i32* %s
  br label %L0
L0:
  %t2 = load i32, i32* %i
  %t3 = load i32, i32* %args.argc
  %t4 = sub i32 %t3, 1
  %t5 = icmp slt i32 %t2, %t4
  br i1 %t5, label %L1, label %L2
L1:
  %t6 = load i32, i32* %s
  %t7 = load i32, i32* %i
  %t8 = add i32 %t7, 1
  %t9 = load i8**, i8*** %args.argv
  %t10 = getelementptr i8*, i8** %t9, i32 %t8
  %t11 = load i8*, i8** %t10
  %t12 = call i32 @atoi(i8* %t11)
  %t13 = add i32 %t6, %t12
  store i32 %t13, i32* %s
  %t14 = load i32, i32* %i
  %t15 = add i32 0, 1
  %t16 = add i32 %t14, %t15
  store i32 %t16, i32* %i
  br label %L0
L2:
  %t17 = load i32, i32* %s
  %t18 = getelementptr [3 x i8], [3 x i8]* @.fmt.d, i32 0, i32 0
  %t19 = call i32 (i8*, ...) @printf(i8* %t18, i32 %t17)
  %t20 = getelementptr [2 x i8], [2 x i8]* @.str.0, i32 0, i32 0
  %t21 = getelementptr [3 x i8], [3 x i8]* @.fmt.s, i32 0, i32 0
  %t22 = call i32 (i8*, ...) @printf(i8* %t21, i8* %t20)
  ret i32 0
}

--- STDERR ---
