=== FAILED: ../testes/meta4/m4_expr_shift.java ===
0a1,2
> 12
> 96
--- LLVM IR ---
@.fmt.d = private unnamed_addr constant [3 x i8] c"%d\00"
@.fmt.e = private unnamed_addr constant [6 x i8] c"%.16e\00"
@.fmt.s = private unnamed_addr constant [3 x i8] c"%s\00"
@.str.true = private unnamed_addr constant [5 x i8] c"true\00"
@.str.false = private unnamed_addr constant [6 x i8] c"false\00"

@.str.0 = private unnamed_addr constant [2 x i8] c"\0A\00"


declare i32 @printf(i8*, ...)
declare i32 @atoi(i8*)

define i32 @main(i32 %argc, i8** %argv) {
entry:
  %args.argc = alloca i32
  %args.argv = alloca i8**
  store i32 %argc, i32* %args.argc
  store i8** %argv, i8*** %args.argv
  %x = alloca i32
  store i32 0, i32* %x
  %t0 = add i32 0, 48
  store i32 %t0, i32* %x
  %t1 = load i32, i32* %x
  %t2 = add i32 0, 2
  %t3 = ashr i32 %t1, %t2
  %t4 = getelementptr [3 x i8], [3 x i8]* @.fmt.d, i32 0, i32 0
  %t5 = call i32 (i8*, ...) @printf(i8* %t4, i32 %t3)
  %t6 = getelementptr [2 x i8], [2 x i8]* @.str.0, i32 0, i32 0
  %t7 = getelementptr [3 x i8], [3 x i8]* @.fmt.s, i32 0, i32 0
  %t8 = call i32 (i8*, ...) @printf(i8* %t7, i8* %t6)
  %t9 = load i32, i32* %x
  %t10 = add i32 0, 1
  %t11 = shl i32 %t9, %t10
  %t12 = getelementptr [3 x i8], [3 x i8]* @.fmt.d, i32 0, i32 0
  %t13 = call i32 (i8*, ...) @printf(i8* %t12, i32 %t11)
  %t14 = getelementptr [2 x i8], [2 x i8]* @.str.0, i32 0, i32 0
  %t15 = getelementptr [3 x i8], [3 x i8]* @.fmt.s, i32 0, i32 0
  %t16 = call i32 (i8*, ...) @printf(i8* %t15, i8* %t14)
  ret i32 0
}

--- STDERR ---
