=== FAILED: ../testes/meta4/m4_cli_parse_triple.java ===
1,3d0
< 10
< -3
< 7
--- LLVM IR ---
@.fmt.d = private unnamed_addr constant [3 x i8] c"%d\00"
@.fmt.e = private unnamed_addr constant [6 x i8] c"%.16e\00"
@.fmt.s = private unnamed_addr constant [3 x i8] c"%s\00"
@.str.true = private unnamed_addr constant [5 x i8] c"true\00"
@.str.false = private unnamed_addr constant [6 x i8] c"false\00"

@.str.0 = private unnamed_addr constant [2 x i8] c"\0A\00"


declare i32 @printf(i8*, ...)
declare i32 @atoi(i8*)

define i32 @main(i32 %argc, i8** %argv) {
entry:
  %args.argc = alloca i32
  %args.argv = alloca i8**
  store i32 %argc, i32* %args.argc
  store i8** %argv, i8*** %args.argv
  %t0 = add i32 0, 0
  %t1 = add i32 %t0, 1
  %t2 = load i8**, i8*** %args.argv
  %t3 = getelementptr i8*, i8** %t2, i32 %t1
  %t4 = load i8*, i8** %t3
  %t5 = call i32 @atoi(i8* %t4)
  %t6 = getelementptr [3 x i8], [3 x i8]* @.fmt.d, i32 0, i32 0
  %t7 = call i32 (i8*, ...) @printf(i8* %t6, i32 %t5)
  %t8 = getelementptr [2 x i8], [2 x i8]* @.str.0, i32 0, i32 0
  %t9 = getelementptr [3 x i8], [3 x i8]* @.fmt.s, i32 0, i32 0
  %t10 = call i32 (i8*, ...) @printf(i8* %t9, i8* %t8)
  %t11 = add i32 0, 1
  %t12 = add i32 %t11, 1
  %t13 = load i8**, i8*** %args.argv
  %t14 = getelementptr i8*, i8** %t13, i32 %t12
  %t15 = load i8*, i8** %t14
  %t16 = call i32 @atoi(i8* %t15)
  %t17 = getelementptr [3 x i8], [3 x i8]* @.fmt.d, i32 0, i32 0
  %t18 = call i32 (i8*, ...) @printf(i8* %t17, i32 %t16)
  %t19 = getelementptr [2 x i8], [2 x i8]* @.str.0, i32 0, i32 0
  %t20 = getelementptr [3 x i8], [3 x i8]* @.fmt.s, i32 0, i32 0
  %t21 = call i32 (i8*, ...) @printf(i8* %t20, i8* %t19)
  %t22 = add i32 0, 2
  %t23 = add i32 %t22, 1
  %t24 = load i8**, i8*** %args.argv
  %t25 = getelementptr i8*, i8** %t24, i32 %t23
  %t26 = load i8*, i8** %t25
  %t27 = call i32 @atoi(i8* %t26)
  %t28 = getelementptr [3 x i8], [3 x i8]* @.fmt.d, i32 0, i32 0
  %t29 = call i32 (i8*, ...) @printf(i8* %t28, i32 %t27)
  %t30 = getelementptr [2 x i8], [2 x i8]* @.str.0, i32 0, i32 0
  %t31 = getelementptr [3 x i8], [3 x i8]* @.fmt.s, i32 0, i32 0
  %t32 = call i32 (i8*, ...) @printf(i8* %t31, i8* %t30)
  ret i32 0
}

--- STDERR ---
PLEASE submit a bug report to https://github.com/llvm/llvm-project/issues/ and include the crash backtrace.
Stack dump:
0.	Program arguments: lli /tmp/t.ll
 #0 0x000076d14421dd1f llvm::sys::PrintStackTrace(llvm::raw_ostream&, int) (/usr/lib/llvm-20/bin/../lib/libLLVM.so.20.1+0x101dd1f)
 #1 0x000076d14421ba29 llvm::sys::RunSignalHandlers() (/usr/lib/llvm-20/bin/../lib/libLLVM.so.20.1+0x101ba29)
 #2 0x000076d14421e430 (/usr/lib/llvm-20/bin/../lib/libLLVM.so.20.1+0x101e430)
 #3 0x000076d142a458d0 (/lib/x86_64-linux-gnu/libc.so.6+0x458d0)
 #4 0x000076d142a57a0b __GI_____strtol_l_internal ./stdlib/../stdlib/strtol_l.c:304:10
 #5 0x000076d142a46d64 atoi ./stdlib/atoi.c:28:1
 #6 0x000076d1431ff01e 
 #7 0x000076d1461ab45a llvm::orc::runAsMain(int (*)(int, char**), llvm::ArrayRef<std::__cxx11::basic_string<char, std::char_traits<char>, std::allocator<char>>>, std::optional<llvm::StringRef>) (/usr/lib/llvm-20/bin/../lib/libLLVM.so.20.1+0x2fab45a)
 #8 0x0000564812bb3af4 runOrcJIT(char const*) (/usr/lib/llvm-20/bin/lli+0x18af4)
 #9 0x0000564812baf2c1 main (/usr/lib/llvm-20/bin/lli+0x142c1)
#10 0x000076d142a2a578 __libc_start_call_main ./csu/../sysdeps/nptl/libc_start_call_main.h:74:3
#11 0x000076d142a2a63b call_init ./csu/../csu/libc-start.c:128:20
#12 0x000076d142a2a63b __libc_start_main ./csu/../csu/libc-start.c:347:5
#13 0x0000564812bac935 _start (/usr/lib/llvm-20/bin/lli+0x11935)
