=== FAILED: ../testes/meta4/m4_expr_arith.java ===
0a1,3
> 20
> 4
> 3
--- LLVM IR ---
@.fmt.d = private unnamed_addr constant [3 x i8] c"%d\00"
@.fmt.e = private unnamed_addr constant [6 x i8] c"%.16e\00"
@.fmt.s = private unnamed_addr constant [3 x i8] c"%s\00"
@.str.true = private unnamed_addr constant [5 x i8] c"true\00"
@.str.false = private unnamed_addr constant [6 x i8] c"false\00"

@.str.0 = private unnamed_addr constant [2 x i8] c"\0A\00"


declare i32 @printf(i8*, ...)
declare i32 @atoi(i8*)

define i32 @main(i32 %argc, i8** %argv) {
entry:
  %args.argc = alloca i32
  %args.argv = alloca i8**
  store i32 %argc, i32* %args.argc
  store i8** %argv, i8*** %args.argv
  %x = alloca i32
  store i32 0, i32* %x
  %t0 = add i32 0, 17
  store i32 %t0, i32* %x
  %t1 = load i32, i32* %x
  %t2 = add i32 0, 3
  %t3 = add i32 0, 2
  %t4 = mul i32 %t2, %t3
  %t5 = add i32 %t1, %t4
  %t6 = add i32 0, 8
  %t7 = add i32 0, 5
  %t8 = srem i32 %t6, %t7
  %t9 = sub i32 %t5, %t8
  %t10 = getelementptr [3 x i8], [3 x i8]* @.fmt.d, i32 0, i32 0
  %t11 = call i32 (i8*, ...) @printf(i8* %t10, i32 %t9)
  %t12 = getelementptr [2 x i8], [2 x i8]* @.str.0, i32 0, i32 0
  %t13 = getelementptr [3 x i8], [3 x i8]* @.fmt.s, i32 0, i32 0
  %t14 = call i32 (i8*, ...) @printf(i8* %t13, i8* %t12)
  %t15 = load i32, i32* %x
  %t16 = add i32 0, 4
  %t17 = sdiv i32 %t15, %t16
  %t18 = getelementptr [3 x i8], [3 x i8]* @.fmt.d, i32 0, i32 0
  %t19 = call i32 (i8*, ...) @printf(i8* %t18, i32 %t17)
  %t20 = getelementptr [2 x i8], [2 x i8]* @.str.0, i32 0, i32 0
  %t21 = getelementptr [3 x i8], [3 x i8]* @.fmt.s, i32 0, i32 0
  %t22 = call i32 (i8*, ...) @printf(i8* %t21, i8* %t20)
  %t23 = load i32, i32* %x
  %t24 = add i32 0, 1
  %t25 = add i32 %t23, %t24
  %t26 = add i32 0, 5
  %t27 = srem i32 %t25, %t26
  %t28 = getelementptr [3 x i8], [3 x i8]* @.fmt.d, i32 0, i32 0
  %t29 = call i32 (i8*, ...) @printf(i8* %t28, i32 %t27)
  %t30 = getelementptr [2 x i8], [2 x i8]* @.str.0, i32 0, i32 0
  %t31 = getelementptr [3 x i8], [3 x i8]* @.fmt.s, i32 0, i32 0
  %t32 = call i32 (i8*, ...) @printf(i8* %t31, i8* %t30)
  ret i32 0
}

--- STDERR ---
