=== FAILED: ../testes/meta4/strings_tests.java ===
2,8c2,3
< Number of arguments:	5
< Arg (1): 1
< Arg (2): 2
< Arg (3): 3
< Arg (4): 4
< Arg (5): 5
< 
---
> Number of arguments:	0
> No arguments :(
--- LLVM IR ---
@.fmt.d = private constant [3 x i8] c"%d\00"
@.fmt.e = private constant [6 x i8] c"%.16e\00"
@.fmt.s = private constant [3 x i8] c"%s\00"
@.str.true = private constant [5 x i8] c"true\00"
@.str.false = private constant [6 x i8] c"false\00"

@.str.0 = private constant [7 x i8] c"\0D\5C\22\0C\09\0A\00"
@.str.1 = private constant [22 x i8] c"Number of arguments:\09\00"
@.str.2 = private constant [2 x i8] c"\0A\00"
@.str.3 = private constant [6 x i8] c"Arg (\00"
@.str.4 = private constant [4 x i8] c"): \00"
@.str.5 = private constant [16 x i8] c"No arguments :(\00"

@i = global i32 0

declare i32 @printf(i8*, ...)
declare i32 @atoi(i8*)

define i32 @main(i32 %argc, i8** %argv) {
entry:
  %args.argc = alloca i32
  %args.argv = alloca i8**
  store i32 %argc, i32* %args.argc
  store i8** %argv, i8*** %args.argv
  %a = alloca i32
  store i32 0, i32* %a
  %t0 = getelementptr [7 x i8], [7 x i8]* @.str.0, i32 0, i32 0
  %t1 = getelementptr [3 x i8], [3 x i8]* @.fmt.s, i32 0, i32 0
  %t2 = call i32 (i8*, ...) @printf(i8* %t1, i8* %t0)
  %t3 = load i32, i32* %args.argc
  %t4 = sub i32 %t3, 1
  store i32 %t4, i32* %a
  %t5 = getelementptr [22 x i8], [22 x i8]* @.str.1, i32 0, i32 0
  %t6 = getelementptr [3 x i8], [3 x i8]* @.fmt.s, i32 0, i32 0
  %t7 = call i32 (i8*, ...) @printf(i8* %t6, i8* %t5)
  %t8 = load i32, i32* %a
  %t9 = getelementptr [3 x i8], [3 x i8]* @.fmt.d, i32 0, i32 0
  %t10 = call i32 (i8*, ...) @printf(i8* %t9, i32 %t8)
  %t11 = getelementptr [2 x i8], [2 x i8]* @.str.2, i32 0, i32 0
  %t12 = getelementptr [3 x i8], [3 x i8]* @.fmt.s, i32 0, i32 0
  %t13 = call i32 (i8*, ...) @printf(i8* %t12, i8* %t11)
  %t14 = load i32, i32* %a
  %t15 = add i32 0, 0
  %t16 = icmp sgt i32 %t14, %t15
  br i1 %t16, label %L0, label %L1
L0:
  br label %L3
L3:
  %t17 = load i32, i32* %a
  %t18 = add i32 0, 1
  %t19 = add i32 %t17, %t18
  %t20 = load i32, i32* @i
  %t21 = add i32 0, 1
  %t22 = add i32 %t20, %t21
  store i32 %t22, i32* @i
  %t23 = icmp sgt i32 %t19, %t22
  br i1 %t23, label %L4, label %L5
L4:
  %t24 = getelementptr [6 x i8], [6 x i8]* @.str.3, i32 0, i32 0
  %t25 = getelementptr [3 x i8], [3 x i8]* @.fmt.s, i32 0, i32 0
  %t26 = call i32 (i8*, ...) @printf(i8* %t25, i8* %t24)
  %t27 = load i32, i32* @i
  %t28 = getelementptr [3 x i8], [3 x i8]* @.fmt.d, i32 0, i32 0
  %t29 = call i32 (i8*, ...) @printf(i8* %t28, i32 %t27)
  %t30 = getelementptr [4 x i8], [4 x i8]* @.str.4, i32 0, i32 0
  %t31 = getelementptr [3 x i8], [3 x i8]* @.fmt.s, i32 0, i32 0
  %t32 = call i32 (i8*, ...) @printf(i8* %t31, i8* %t30)
  %t33 = load i32, i32* @i
  %t34 = add i32 0, 1
  %t35 = sub i32 %t33, %t34
  %t36 = add i32 %t35, 1
  %t37 = load i8**, i8*** %args.argv
  %t38 = getelementptr i8*, i8** %t37, i32 %t36
  %t39 = load i8*, i8** %t38
  %t40 = call i32 @atoi(i8* %t39)
  %t41 = getelementptr [3 x i8], [3 x i8]* @.fmt.d, i32 0, i32 0
  %t42 = call i32 (i8*, ...) @printf(i8* %t41, i32 %t40)
  %t43 = getelementptr [2 x i8], [2 x i8]* @.str.2, i32 0, i32 0
  %t44 = getelementptr [3 x i8], [3 x i8]* @.fmt.s, i32 0, i32 0
  %t45 = call i32 (i8*, ...) @printf(i8* %t44, i8* %t43)
  br label %L3
L5:
  br label %L2
L1:
  %t46 = getelementptr [16 x i8], [16 x i8]* @.str.5, i32 0, i32 0
  %t47 = getelementptr [3 x i8], [3 x i8]* @.fmt.s, i32 0, i32 0
  %t48 = call i32 (i8*, ...) @printf(i8* %t47, i8* %t46)
  br label %L2
L2:
  %t49 = getelementptr [2 x i8], [2 x i8]* @.str.2, i32 0, i32 0
  %t50 = getelementptr [3 x i8], [3 x i8]* @.fmt.s, i32 0, i32 0
  %t51 = call i32 (i8*, ...) @printf(i8* %t50, i8* %t49)
  ret i32 0
}

--- STDERR ---
