=== FAILED: ../testes/meta4/m4_full_mini.java ===
0a1,2
> 2
> true
--- LLVM IR ---
@.fmt.d = private unnamed_addr constant [3 x i8] c"%d\00"
@.fmt.e = private unnamed_addr constant [6 x i8] c"%.16e\00"
@.fmt.s = private unnamed_addr constant [3 x i8] c"%s\00"
@.str.true = private unnamed_addr constant [5 x i8] c"true\00"
@.str.false = private unnamed_addr constant [6 x i8] c"false\00"

@.str.0 = private unnamed_addr constant [2 x i8] c"\0A\00"

@acc = global i32 0

declare i32 @printf(i8*, ...)
declare i32 @atoi(i8*)

define i32 @bump__int(i32 %param.d) {
entry:
  %d = alloca i32
  store i32 %param.d, i32* %d
  %t0 = load i32, i32* @acc
  %t1 = load i32, i32* %d
  %t2 = add i32 %t0, %t1
  store i32 %t2, i32* @acc
  %t3 = load i32, i32* @acc
  ret i32 %t3
}

define i32 @main(i32 %argc, i8** %argv) {
entry:
  %args.argc = alloca i32
  %args.argv = alloca i8**
  store i32 %argc, i32* %args.argc
  store i8** %argv, i8*** %args.argv
  %i = alloca i32
  store i32 0, i32* %i
  %t0 = add i32 0, 0
  store i32 %t0, i32* @acc
  %t1 = add i32 0, 0
  store i32 %t1, i32* %i
  br label %L0
L0:
  %t2 = load i32, i32* %i
  %t3 = add i32 0, 4
  %t4 = icmp slt i32 %t2, %t3
  br i1 %t4, label %L1, label %L2
L1:
  %t5 = load i32, i32* %i
  %t6 = add i32 0, 2
  %t7 = srem i32 %t5, %t6
  %t8 = add i32 0, 0
  %t9 = icmp eq i32 %t7, %t8
  br i1 %t9, label %L3, label %L4
L3:
  %t10 = load i32, i32* %i
  %t11 = add i32 0, 2
  %t12 = mul i32 %t10, %t11
  %t13 = call i32 @bump__int(i32 %t12)
  br label %L5
L4:
  %t14 = add i32 0, 1
  %t15 = sub i32 0, %t14
  %t16 = call i32 @bump__int(i32 %t15)
  br label %L5
L5:
  %t17 = load i32, i32* %i
  %t18 = add i32 0, 1
  %t19 = add i32 %t17, %t18
  store i32 %t19, i32* %i
  br label %L0
L2:
  %t20 = load i32, i32* @acc
  %t21 = getelementptr [3 x i8], [3 x i8]* @.fmt.d, i32 0, i32 0
  %t22 = call i32 (i8*, ...) @printf(i8* %t21, i32 %t20)
  %t23 = getelementptr [2 x i8], [2 x i8]* @.str.0, i32 0, i32 0
  %t24 = getelementptr [3 x i8], [3 x i8]* @.fmt.s, i32 0, i32 0
  %t25 = call i32 (i8*, ...) @printf(i8* %t24, i8* %t23)
  %t26 = add i1 0, 1
  br i1 %t26, label %L9, label %L10
L10:
  %t27 = add i1 0, 0
  br label %L11
L9:
  br label %L11
L11:
  %t28 = phi i1 [ %t27, %L10 ], [ true, %L9 ]
  br i1 %t28, label %L6, label %L7
L6:
  %t29 = add i1 0, 0
  %t30 = add i1 0, 0
  %t31 = xor i1 %t29, %t30
  %t32 = xor i1 %t31, 1
  br label %L8
L7:
  br label %L8
L8:
  %t33 = phi i1 [ %t32, %L6 ], [ false, %L7 ]
  br i1 %t33, label %L12, label %L13
L12:
  %t34 = getelementptr [5 x i8], [5 x i8]* @.str.true, i32 0, i32 0
  %t35 = getelementptr [3 x i8], [3 x i8]* @.fmt.s, i32 0, i32 0
  %t36 = call i32 (i8*, ...) @printf(i8* %t35, i8* %t34)
  br label %L14
L13:
  %t37 = getelementptr [6 x i8], [6 x i8]* @.str.false, i32 0, i32 0
  %t38 = getelementptr [3 x i8], [3 x i8]* @.fmt.s, i32 0, i32 0
  %t39 = call i32 (i8*, ...) @printf(i8* %t38, i8* %t37)
  br label %L14
L14:
  %t40 = getelementptr [2 x i8], [2 x i8]* @.str.0, i32 0, i32 0
  %t41 = getelementptr [3 x i8], [3 x i8]* @.fmt.s, i32 0, i32 0
  %t42 = call i32 (i8*, ...) @printf(i8* %t41, i8* %t40)
  ret i32 0
}

--- STDERR ---
